0 info it worked if it ends with ok
1 verbose cli [ 'node',
1 verbose cli   '/usr/local/bin/npm',
1 verbose cli   'install',
1 verbose cli   '-g',
1 verbose cli   'express-generator' ]
2 info using npm@1.4.3
3 info using node@v0.10.26
4 verbose cache add [ 'express-generator', null ]
5 verbose cache add name=undefined spec="express-generator" args=["express-generator",null]
6 verbose parsed url { protocol: null,
6 verbose parsed url   slashes: null,
6 verbose parsed url   auth: null,
6 verbose parsed url   host: null,
6 verbose parsed url   port: null,
6 verbose parsed url   hostname: null,
6 verbose parsed url   hash: null,
6 verbose parsed url   search: null,
6 verbose parsed url   query: null,
6 verbose parsed url   pathname: 'express-generator',
6 verbose parsed url   path: 'express-generator',
6 verbose parsed url   href: 'express-generator' }
7 silly lockFile 198a68d8-express-generator express-generator
8 verbose lock express-generator /Users/mschmid/.npm/198a68d8-express-generator.lock
9 silly lockFile 198a68d8-express-generator express-generator
10 silly lockFile 198a68d8-express-generator express-generator
11 verbose addNamed [ 'express-generator', '' ]
12 verbose addNamed [ null, '*' ]
13 silly lockFile bd41e3d3-express-generator express-generator@
14 verbose lock express-generator@ /Users/mschmid/.npm/bd41e3d3-express-generator.lock
15 silly addNameRange { name: 'express-generator', range: '*', hasData: false }
16 verbose url raw express-generator
17 verbose url resolving [ 'https://registry.npmjs.org/', './express-generator' ]
18 verbose url resolved https://registry.npmjs.org/express-generator
19 info trying registry request attempt 1 at 11:31:19
20 http GET https://registry.npmjs.org/express-generator
21 http 200 https://registry.npmjs.org/express-generator
22 silly registry.get cb [ 200,
22 silly registry.get   { date: 'Mon, 30 Jun 2014 09:31:20 GMT',
22 silly registry.get     server: 'CouchDB/1.5.0 (Erlang OTP/R16B03)',
22 silly registry.get     etag: '"8I0VDU80A6OHHHI7ZGWLG4DQP"',
22 silly registry.get     'content-type': 'application/json',
22 silly registry.get     'cache-control': 'max-age=30',
22 silly registry.get     'content-length': '8803',
22 silly registry.get     'accept-ranges': 'bytes',
22 silly registry.get     via: '1.1 varnish',
22 silly registry.get     age: '0',
22 silly registry.get     'x-served-by': 'cache-ams4127-AMS',
22 silly registry.get     'x-cache': 'MISS',
22 silly registry.get     'x-cache-hits': '0',
22 silly registry.get     'x-timer': 'S1404120680.287247,VS0,VE95',
22 silly registry.get     vary: 'Accept',
22 silly registry.get     'keep-alive': 'timeout=10, max=50',
22 silly registry.get     connection: 'Keep-Alive' } ]
23 silly addNameRange number 2 { name: 'express-generator', range: '*', hasData: true }
24 silly addNameRange versions [ 'express-generator', [ '1.0.0', '3.0.0', '4.0.0', '4.2.0' ] ]
25 verbose addNamed [ 'express-generator', '4.2.0' ]
26 verbose addNamed [ '4.2.0', '4.2.0' ]
27 silly lockFile a399865e-express-generator-4-2-0 express-generator@4.2.0
28 verbose lock express-generator@4.2.0 /Users/mschmid/.npm/a399865e-express-generator-4-2-0.lock
29 silly lockFile ce1347ea-ator-express-generator-4-2-0-tgz https://registry.npmjs.org/express-generator/-/express-generator-4.2.0.tgz
30 verbose lock https://registry.npmjs.org/express-generator/-/express-generator-4.2.0.tgz /Users/mschmid/.npm/ce1347ea-ator-express-generator-4-2-0-tgz.lock
31 verbose addRemoteTarball [ 'https://registry.npmjs.org/express-generator/-/express-generator-4.2.0.tgz',
31 verbose addRemoteTarball   '98ede7b9d1cbab2ece9cd236511ab42f7bd9298a' ]
32 info retry fetch attempt 1 at 11:31:20
33 verbose fetch to= /var/folders/qf/b0_k_xcd5q757mxnv2q91bl80000gq/T/npm-1165-Q2Inxdky/1404120680235-0.2684794187080115/tmp.tgz
34 http GET https://registry.npmjs.org/express-generator/-/express-generator-4.2.0.tgz
35 http 200 https://registry.npmjs.org/express-generator/-/express-generator-4.2.0.tgz
36 verbose tar unpack /var/folders/qf/b0_k_xcd5q757mxnv2q91bl80000gq/T/npm-1165-Q2Inxdky/1404120680235-0.2684794187080115/tmp.tgz
37 silly lockFile 48e808aa-80235-0-2684794187080115-package tar:///var/folders/qf/b0_k_xcd5q757mxnv2q91bl80000gq/T/npm-1165-Q2Inxdky/1404120680235-0.2684794187080115/package
38 verbose lock tar:///var/folders/qf/b0_k_xcd5q757mxnv2q91bl80000gq/T/npm-1165-Q2Inxdky/1404120680235-0.2684794187080115/package /Users/mschmid/.npm/48e808aa-80235-0-2684794187080115-package.lock
39 silly lockFile e43de79c-80235-0-2684794187080115-tmp-tgz tar:///var/folders/qf/b0_k_xcd5q757mxnv2q91bl80000gq/T/npm-1165-Q2Inxdky/1404120680235-0.2684794187080115/tmp.tgz
40 verbose lock tar:///var/folders/qf/b0_k_xcd5q757mxnv2q91bl80000gq/T/npm-1165-Q2Inxdky/1404120680235-0.2684794187080115/tmp.tgz /Users/mschmid/.npm/e43de79c-80235-0-2684794187080115-tmp-tgz.lock
41 silly gunzTarPerm modes [ '755', '644' ]
42 silly gunzTarPerm extractEntry package.json
43 silly gunzTarPerm extractEntry .npmignore
44 silly gunzTarPerm extractEntry README.md
45 silly gunzTarPerm extractEntry LICENSE
46 silly gunzTarPerm extractEntry bin/express
47 silly gunzTarPerm extractEntry templates/css/style.css
48 silly gunzTarPerm extractEntry templates/css/style.less
49 silly gunzTarPerm extractEntry templates/css/style.scss
50 silly gunzTarPerm extractEntry templates/css/style.styl
51 silly gunzTarPerm extractEntry templates/ejs/error.ejs
52 silly gunzTarPerm extractEntry templates/ejs/index.ejs
53 silly gunzTarPerm extractEntry templates/hogan/error.hjs
54 silly gunzTarPerm extractEntry templates/hogan/index.hjs
55 silly gunzTarPerm extractEntry templates/jade/error.jade
56 silly gunzTarPerm extractEntry templates/jade/index.jade
57 silly gunzTarPerm extractEntry templates/jade/layout.jade
58 silly gunzTarPerm extractEntry templates/js/app.js
59 silly gunzTarPerm extractEntry templates/js/routes/index.js
60 silly gunzTarPerm extractEntry templates/js/routes/users.js
61 silly gunzTarPerm extractEntry templates/js/www
62 silly lockFile 48e808aa-80235-0-2684794187080115-package tar:///var/folders/qf/b0_k_xcd5q757mxnv2q91bl80000gq/T/npm-1165-Q2Inxdky/1404120680235-0.2684794187080115/package
63 silly lockFile 48e808aa-80235-0-2684794187080115-package tar:///var/folders/qf/b0_k_xcd5q757mxnv2q91bl80000gq/T/npm-1165-Q2Inxdky/1404120680235-0.2684794187080115/package
64 silly lockFile e43de79c-80235-0-2684794187080115-tmp-tgz tar:///var/folders/qf/b0_k_xcd5q757mxnv2q91bl80000gq/T/npm-1165-Q2Inxdky/1404120680235-0.2684794187080115/tmp.tgz
65 silly lockFile e43de79c-80235-0-2684794187080115-tmp-tgz tar:///var/folders/qf/b0_k_xcd5q757mxnv2q91bl80000gq/T/npm-1165-Q2Inxdky/1404120680235-0.2684794187080115/tmp.tgz
66 verbose tar pack [ '/Users/mschmid/.npm/express-generator/4.2.0/package.tgz',
66 verbose tar pack   '/var/folders/qf/b0_k_xcd5q757mxnv2q91bl80000gq/T/npm-1165-Q2Inxdky/1404120680235-0.2684794187080115/package' ]
67 verbose tarball /Users/mschmid/.npm/express-generator/4.2.0/package.tgz
68 verbose folder /var/folders/qf/b0_k_xcd5q757mxnv2q91bl80000gq/T/npm-1165-Q2Inxdky/1404120680235-0.2684794187080115/package
69 silly lockFile 48e808aa-80235-0-2684794187080115-package tar:///var/folders/qf/b0_k_xcd5q757mxnv2q91bl80000gq/T/npm-1165-Q2Inxdky/1404120680235-0.2684794187080115/package
70 verbose lock tar:///var/folders/qf/b0_k_xcd5q757mxnv2q91bl80000gq/T/npm-1165-Q2Inxdky/1404120680235-0.2684794187080115/package /Users/mschmid/.npm/48e808aa-80235-0-2684794187080115-package.lock
71 silly lockFile bb42a9af-ress-generator-4-2-0-package-tgz tar:///Users/mschmid/.npm/express-generator/4.2.0/package.tgz
72 verbose lock tar:///Users/mschmid/.npm/express-generator/4.2.0/package.tgz /Users/mschmid/.npm/bb42a9af-ress-generator-4-2-0-package-tgz.lock
73 silly lockFile 48e808aa-80235-0-2684794187080115-package tar:///var/folders/qf/b0_k_xcd5q757mxnv2q91bl80000gq/T/npm-1165-Q2Inxdky/1404120680235-0.2684794187080115/package
74 silly lockFile 48e808aa-80235-0-2684794187080115-package tar:///var/folders/qf/b0_k_xcd5q757mxnv2q91bl80000gq/T/npm-1165-Q2Inxdky/1404120680235-0.2684794187080115/package
75 silly lockFile bb42a9af-ress-generator-4-2-0-package-tgz tar:///Users/mschmid/.npm/express-generator/4.2.0/package.tgz
76 silly lockFile bb42a9af-ress-generator-4-2-0-package-tgz tar:///Users/mschmid/.npm/express-generator/4.2.0/package.tgz
77 silly lockFile 4f13f5dd--express-generator-4-2-0-package /Users/mschmid/.npm/express-generator/4.2.0/package
78 verbose lock /Users/mschmid/.npm/express-generator/4.2.0/package /Users/mschmid/.npm/4f13f5dd--express-generator-4-2-0-package.lock
79 silly lockFile 4f13f5dd--express-generator-4-2-0-package /Users/mschmid/.npm/express-generator/4.2.0/package
80 silly lockFile 4f13f5dd--express-generator-4-2-0-package /Users/mschmid/.npm/express-generator/4.2.0/package
81 verbose tar unpack /Users/mschmid/.npm/express-generator/4.2.0/package.tgz
82 silly lockFile f6ca1d1d--express-generator-4-2-0-package tar:///Users/mschmid/.npm/express-generator/4.2.0/package
83 verbose lock tar:///Users/mschmid/.npm/express-generator/4.2.0/package /Users/mschmid/.npm/f6ca1d1d--express-generator-4-2-0-package.lock
84 silly lockFile bb42a9af-ress-generator-4-2-0-package-tgz tar:///Users/mschmid/.npm/express-generator/4.2.0/package.tgz
85 verbose lock tar:///Users/mschmid/.npm/express-generator/4.2.0/package.tgz /Users/mschmid/.npm/bb42a9af-ress-generator-4-2-0-package-tgz.lock
86 silly gunzTarPerm modes [ '755', '644' ]
87 silly gunzTarPerm extractEntry package.json
88 silly gunzTarPerm extractEntry .npmignore
89 silly gunzTarPerm extractEntry README.md
90 silly gunzTarPerm extractEntry LICENSE
91 silly gunzTarPerm extractEntry bin/express
92 silly gunzTarPerm extractEntry templates/css/style.css
93 silly gunzTarPerm extractEntry templates/css/style.less
94 silly gunzTarPerm extractEntry templates/css/style.scss
95 silly gunzTarPerm extractEntry templates/css/style.styl
96 silly gunzTarPerm extractEntry templates/ejs/error.ejs
97 silly gunzTarPerm extractEntry templates/ejs/index.ejs
98 silly gunzTarPerm extractEntry templates/hogan/error.hjs
99 silly gunzTarPerm extractEntry templates/hogan/index.hjs
100 silly gunzTarPerm extractEntry templates/jade/error.jade
101 silly gunzTarPerm extractEntry templates/jade/index.jade
102 silly gunzTarPerm extractEntry templates/jade/layout.jade
103 silly gunzTarPerm extractEntry templates/js/app.js
104 silly gunzTarPerm extractEntry templates/js/routes/index.js
105 silly gunzTarPerm extractEntry templates/js/routes/users.js
106 silly gunzTarPerm extractEntry templates/js/www
107 silly lockFile f6ca1d1d--express-generator-4-2-0-package tar:///Users/mschmid/.npm/express-generator/4.2.0/package
108 silly lockFile f6ca1d1d--express-generator-4-2-0-package tar:///Users/mschmid/.npm/express-generator/4.2.0/package
109 silly lockFile bb42a9af-ress-generator-4-2-0-package-tgz tar:///Users/mschmid/.npm/express-generator/4.2.0/package.tgz
110 silly lockFile bb42a9af-ress-generator-4-2-0-package-tgz tar:///Users/mschmid/.npm/express-generator/4.2.0/package.tgz
111 verbose chmod /Users/mschmid/.npm/express-generator/4.2.0/package.tgz 644
112 verbose chown /Users/mschmid/.npm/express-generator/4.2.0/package.tgz [ 503, 20 ]
113 silly lockFile ce1347ea-ator-express-generator-4-2-0-tgz https://registry.npmjs.org/express-generator/-/express-generator-4.2.0.tgz
114 silly lockFile ce1347ea-ator-express-generator-4-2-0-tgz https://registry.npmjs.org/express-generator/-/express-generator-4.2.0.tgz
115 silly lockFile a399865e-express-generator-4-2-0 express-generator@4.2.0
116 silly lockFile a399865e-express-generator-4-2-0 express-generator@4.2.0
117 silly lockFile bd41e3d3-express-generator express-generator@
118 silly lockFile bd41e3d3-express-generator express-generator@
119 silly resolved [ { name: 'express-generator',
119 silly resolved     description: 'Express\' application generator',
119 silly resolved     version: '4.2.0',
119 silly resolved     author: { name: 'TJ Holowaychuk', email: 'tj@vision-media.ca' },
119 silly resolved     contributors: [ [Object], [Object], [Object], [Object] ],
119 silly resolved     dependencies: { commander: '1.3.2', mkdirp: '0.3.5' },
119 silly resolved     keywords:
119 silly resolved      [ 'express',
119 silly resolved        'framework',
119 silly resolved        'sinatra',
119 silly resolved        'web',
119 silly resolved        'rest',
119 silly resolved        'restful',
119 silly resolved        'router',
119 silly resolved        'app',
119 silly resolved        'api' ],
119 silly resolved     repository: { type: 'git', url: 'git://github.com/expressjs/generator' },
119 silly resolved     main: 'bin/express',
119 silly resolved     bin: { express: './bin/express' },
119 silly resolved     engines: { node: '>= 0.8.0' },
119 silly resolved     readme: '[![express logo](http://f.cl.ly/items/0V2S1n0K1i3y1c122g04/Screen%20Shot%202012-04-11%20at%209.59.42%20AM.png)](http://expressjs.com/)\n\n  Fast, unopinionated, minimalist web framework for [node](http://nodejs.org).\n\n  [![Gittip](http://img.shields.io/gittip/visionmedia.png)](https://www.gittip.com/visionmedia/)\n\n## Quick Start\n\n The quickest way to get started with express is to utilize the executable `express(1)` to generate an application as shown below:\n\n Create the app:\n\n    $ npm install -g express-generator\n    $ express /tmp/foo && cd /tmp/foo\n\n Install dependencies:\n\n    $ npm install\n\n Rock and Roll\n\n    $ npm start\n\n## License\n\n(The MIT License)\n\nCopyright (c) 2009-2012 TJ Holowaychuk &lt;tj@vision-media.ca&gt;\n\nPermission is hereby granted, free of charge, to any person obtaining\na copy of this software and associated documentation files (the\n\'Software\'), to deal in the Software without restriction, including\nwithout limitation the rights to use, copy, modify, merge, publish,\ndistribute, sublicense, and/or sell copies of the Software, and to\npermit persons to whom the Software is furnished to do so, subject to\nthe following conditions:\n\nThe above copyright notice and this permission notice shall be\nincluded in all copies or substantial portions of the Software.\n\nTHE SOFTWARE IS PROVIDED \'AS IS\', WITHOUT WARRANTY OF ANY KIND,\nEXPRESS OR IMPLIED, INCLUDING BUT NOT LIMITED TO THE WARRANTIES OF\nMERCHANTABILITY, FITNESS FOR A PARTICULAR PURPOSE AND NONINFRINGEMENT.\nIN NO EVENT SHALL THE AUTHORS OR COPYRIGHT HOLDERS BE LIABLE FOR ANY\nCLAIM, DAMAGES OR OTHER LIABILITY, WHETHER IN AN ACTION OF CONTRACT,\nTORT OR OTHERWISE, ARISING FROM, OUT OF OR IN CONNECTION WITH THE\nSOFTWARE OR THE USE OR OTHER DEALINGS IN THE SOFTWARE.\n',
119 silly resolved     readmeFilename: 'README.md',
119 silly resolved     bugs: { url: 'https://github.com/expressjs/generator/issues' },
119 silly resolved     homepage: 'https://github.com/expressjs/generator',
119 silly resolved     _id: 'express-generator@4.2.0',
119 silly resolved     dist: { shasum: '9362416c1671fde9879114e118f24aaa300ebe67' },
119 silly resolved     _from: 'express-generator@',
119 silly resolved     _resolved: 'https://registry.npmjs.org/express-generator/-/express-generator-4.2.0.tgz' } ]
120 info install express-generator@4.2.0 into /usr/local/lib
121 info installOne express-generator@4.2.0
122 info /usr/local/lib/node_modules/express-generator unbuild
123 verbose tar unpack /Users/mschmid/.npm/express-generator/4.2.0/package.tgz
124 silly lockFile 2135fd25-b-node-modules-express-generator tar:///usr/local/lib/node_modules/express-generator
125 verbose lock tar:///usr/local/lib/node_modules/express-generator /Users/mschmid/.npm/2135fd25-b-node-modules-express-generator.lock
126 silly lockFile bb42a9af-ress-generator-4-2-0-package-tgz tar:///Users/mschmid/.npm/express-generator/4.2.0/package.tgz
127 verbose lock tar:///Users/mschmid/.npm/express-generator/4.2.0/package.tgz /Users/mschmid/.npm/bb42a9af-ress-generator-4-2-0-package-tgz.lock
128 silly gunzTarPerm modes [ '755', '644' ]
129 error Error: EACCES, mkdir '/usr/local/lib/node_modules/express-generator'
129 error  { [Error: EACCES, mkdir '/usr/local/lib/node_modules/express-generator']
129 error   errno: 3,
129 error   code: 'EACCES',
129 error   path: '/usr/local/lib/node_modules/express-generator',
129 error   fstream_type: 'Directory',
129 error   fstream_path: '/usr/local/lib/node_modules/express-generator',
129 error   fstream_class: 'DirWriter',
129 error   fstream_stack:
129 error    [ '/usr/local/lib/node_modules/npm/node_modules/fstream/lib/dir-writer.js:36:23',
129 error      '/usr/local/lib/node_modules/npm/node_modules/mkdirp/index.js:37:53',
129 error      'Object.oncomplete (fs.js:107:15)' ] }
130 error Please try running this command again as root/Administrator.
131 error System Darwin 13.2.0
132 error command "node" "/usr/local/bin/npm" "install" "-g" "express-generator"
133 error cwd /Users/mschmid/Dropbox/Webdesign/CAS-FEE_CloneIT3
134 error node -v v0.10.26
135 error npm -v 1.4.3
136 error path /usr/local/lib/node_modules/express-generator
137 error fstream_path /usr/local/lib/node_modules/express-generator
138 error fstream_type Directory
139 error fstream_class DirWriter
140 error code EACCES
141 error errno 3
142 error stack Error: EACCES, mkdir '/usr/local/lib/node_modules/express-generator'
143 error fstream_stack /usr/local/lib/node_modules/npm/node_modules/fstream/lib/dir-writer.js:36:23
143 error fstream_stack /usr/local/lib/node_modules/npm/node_modules/mkdirp/index.js:37:53
143 error fstream_stack Object.oncomplete (fs.js:107:15)
144 verbose exit [ 3, true ]
